[0.105s] DEBUG:colcon:Command line arguments: ['/usr/bin/colcon', 'list', '-p', '--base-paths', '/home/bagus/ichimonji/remote_controller_sim']
[0.105s] DEBUG:colcon:Parsed command line arguments: Namespace(log_base=None, log_level=None, verb_name='list', build_base='build', ignore_user_meta=False, metas=['./colcon.meta'], base_paths=['/home/bagus/ichimonji/remote_controller_sim'], packages_ignore=None, packages_ignore_regex=None, paths=None, packages_up_to=None, packages_up_to_regex=None, packages_above=None, packages_above_and_dependencies=None, packages_above_depth=None, packages_select_by_dep=None, packages_skip_by_dep=None, packages_skip_up_to=None, packages_select_build_failed=False, packages_skip_build_finished=False, packages_select_test_failures=False, packages_skip_test_passed=False, packages_select=None, packages_skip=None, packages_select_regex=None, packages_skip_regex=None, packages_start=None, packages_end=None, allow_overriding=[], topological_order=False, names_only=False, paths_only=True, topological_graph=False, topological_graph_dot=False, topological_graph_density=False, topological_graph_legend=False, topological_graph_dot_cluster=False, topological_graph_dot_include_skipped=False, verb_parser=<colcon_defaults.argument_parser.defaults.DefaultArgumentsDecorator object at 0x7ec4167619f0>, verb_extension=<colcon_package_information.verb.list.ListVerb object at 0x7ec416846b60>, main=<bound method ListVerb.main of <colcon_package_information.verb.list.ListVerb object at 0x7ec416846b60>>)
[0.217s] Level 1:colcon.colcon_core.package_discovery:discover_packages(colcon_meta) check parameters
[0.218s] Level 1:colcon.colcon_core.package_discovery:discover_packages(recursive) check parameters
[0.218s] Level 1:colcon.colcon_core.package_discovery:discover_packages(ignore) check parameters
[0.218s] Level 1:colcon.colcon_core.package_discovery:discover_packages(path) check parameters
[0.218s] Level 1:colcon.colcon_core.package_discovery:discover_packages(recursive) discover
[0.218s] INFO:colcon.colcon_core.package_discovery:Crawling recursively for packages in '/home/bagus/ichimonji/remote_controller_sim'
[0.218s] Level 1:colcon.colcon_core.package_identification:_identify(/home/bagus/ichimonji/remote_controller_sim) by extensions ['ignore', 'ignore_ament_install']
[0.218s] Level 1:colcon.colcon_core.package_identification:_identify(/home/bagus/ichimonji/remote_controller_sim) by extension 'ignore'
[0.218s] Level 1:colcon.colcon_core.package_identification:_identify(/home/bagus/ichimonji/remote_controller_sim) by extension 'ignore_ament_install'
[0.218s] Level 1:colcon.colcon_core.package_identification:_identify(/home/bagus/ichimonji/remote_controller_sim) by extensions ['colcon_pkg']
[0.218s] Level 1:colcon.colcon_core.package_identification:_identify(/home/bagus/ichimonji/remote_controller_sim) by extension 'colcon_pkg'
[0.218s] Level 1:colcon.colcon_core.package_identification:_identify(/home/bagus/ichimonji/remote_controller_sim) by extensions ['colcon_meta']
[0.218s] Level 1:colcon.colcon_core.package_identification:_identify(/home/bagus/ichimonji/remote_controller_sim) by extension 'colcon_meta'
[0.218s] Level 1:colcon.colcon_core.package_identification:_identify(/home/bagus/ichimonji/remote_controller_sim) by extensions ['ros']
[0.218s] Level 1:colcon.colcon_core.package_identification:_identify(/home/bagus/ichimonji/remote_controller_sim) by extension 'ros'
[0.245s] Level 1:colcon.colcon_core.package_identification:_identify(/home/bagus/ichimonji/remote_controller_sim) by extensions ['cmake', 'python']
[0.245s] Level 1:colcon.colcon_core.package_identification:_identify(/home/bagus/ichimonji/remote_controller_sim) by extension 'cmake'
[0.245s] Level 1:colcon.colcon_core.package_identification:_identify(/home/bagus/ichimonji/remote_controller_sim) by extension 'python'
[0.245s] Level 1:colcon.colcon_core.package_identification:_identify(/home/bagus/ichimonji/remote_controller_sim) by extensions ['python_setup_py']
[0.245s] Level 1:colcon.colcon_core.package_identification:_identify(/home/bagus/ichimonji/remote_controller_sim) by extension 'python_setup_py'
[0.245s] Level 1:colcon.colcon_core.package_identification:_identify(/home/bagus/ichimonji/remote_controller_sim/build) by extensions ['ignore', 'ignore_ament_install']
[0.245s] Level 1:colcon.colcon_core.package_identification:_identify(/home/bagus/ichimonji/remote_controller_sim/build) by extension 'ignore'
[0.245s] Level 1:colcon.colcon_core.package_identification:_identify(/home/bagus/ichimonji/remote_controller_sim/build) ignored
[0.245s] Level 1:colcon.colcon_core.package_identification:_identify(/home/bagus/ichimonji/remote_controller_sim/install) by extensions ['ignore', 'ignore_ament_install']
[0.245s] Level 1:colcon.colcon_core.package_identification:_identify(/home/bagus/ichimonji/remote_controller_sim/install) by extension 'ignore'
[0.245s] Level 1:colcon.colcon_core.package_identification:_identify(/home/bagus/ichimonji/remote_controller_sim/install) ignored
[0.245s] Level 1:colcon.colcon_core.package_identification:_identify(/home/bagus/ichimonji/remote_controller_sim/log) by extensions ['ignore', 'ignore_ament_install']
[0.245s] Level 1:colcon.colcon_core.package_identification:_identify(/home/bagus/ichimonji/remote_controller_sim/log) by extension 'ignore'
[0.245s] Level 1:colcon.colcon_core.package_identification:_identify(/home/bagus/ichimonji/remote_controller_sim/log) ignored
[0.245s] Level 1:colcon.colcon_core.package_identification:_identify(/home/bagus/ichimonji/remote_controller_sim/src) by extensions ['ignore', 'ignore_ament_install']
[0.245s] Level 1:colcon.colcon_core.package_identification:_identify(/home/bagus/ichimonji/remote_controller_sim/src) by extension 'ignore'
[0.245s] Level 1:colcon.colcon_core.package_identification:_identify(/home/bagus/ichimonji/remote_controller_sim/src) by extension 'ignore_ament_install'
[0.246s] Level 1:colcon.colcon_core.package_identification:_identify(/home/bagus/ichimonji/remote_controller_sim/src) by extensions ['colcon_pkg']
[0.246s] Level 1:colcon.colcon_core.package_identification:_identify(/home/bagus/ichimonji/remote_controller_sim/src) by extension 'colcon_pkg'
[0.246s] Level 1:colcon.colcon_core.package_identification:_identify(/home/bagus/ichimonji/remote_controller_sim/src) by extensions ['colcon_meta']
[0.246s] Level 1:colcon.colcon_core.package_identification:_identify(/home/bagus/ichimonji/remote_controller_sim/src) by extension 'colcon_meta'
[0.246s] Level 1:colcon.colcon_core.package_identification:_identify(/home/bagus/ichimonji/remote_controller_sim/src) by extensions ['ros']
[0.246s] Level 1:colcon.colcon_core.package_identification:_identify(/home/bagus/ichimonji/remote_controller_sim/src) by extension 'ros'
[0.246s] Level 1:colcon.colcon_core.package_identification:_identify(/home/bagus/ichimonji/remote_controller_sim/src) by extensions ['cmake', 'python']
[0.246s] Level 1:colcon.colcon_core.package_identification:_identify(/home/bagus/ichimonji/remote_controller_sim/src) by extension 'cmake'
[0.246s] Level 1:colcon.colcon_core.package_identification:_identify(/home/bagus/ichimonji/remote_controller_sim/src) by extension 'python'
[0.246s] Level 1:colcon.colcon_core.package_identification:_identify(/home/bagus/ichimonji/remote_controller_sim/src) by extensions ['python_setup_py']
[0.246s] Level 1:colcon.colcon_core.package_identification:_identify(/home/bagus/ichimonji/remote_controller_sim/src) by extension 'python_setup_py'
[0.246s] Level 1:colcon.colcon_core.package_identification:_identify(/home/bagus/ichimonji/remote_controller_sim/src/remote_controller_sim) by extensions ['ignore', 'ignore_ament_install']
[0.246s] Level 1:colcon.colcon_core.package_identification:_identify(/home/bagus/ichimonji/remote_controller_sim/src/remote_controller_sim) by extension 'ignore'
[0.246s] Level 1:colcon.colcon_core.package_identification:_identify(/home/bagus/ichimonji/remote_controller_sim/src/remote_controller_sim) by extension 'ignore_ament_install'
[0.246s] Level 1:colcon.colcon_core.package_identification:_identify(/home/bagus/ichimonji/remote_controller_sim/src/remote_controller_sim) by extensions ['colcon_pkg']
[0.246s] Level 1:colcon.colcon_core.package_identification:_identify(/home/bagus/ichimonji/remote_controller_sim/src/remote_controller_sim) by extension 'colcon_pkg'
[0.246s] Level 1:colcon.colcon_core.package_identification:_identify(/home/bagus/ichimonji/remote_controller_sim/src/remote_controller_sim) by extensions ['colcon_meta']
[0.246s] Level 1:colcon.colcon_core.package_identification:_identify(/home/bagus/ichimonji/remote_controller_sim/src/remote_controller_sim) by extension 'colcon_meta'
[0.246s] Level 1:colcon.colcon_core.package_identification:_identify(/home/bagus/ichimonji/remote_controller_sim/src/remote_controller_sim) by extensions ['ros']
[0.246s] Level 1:colcon.colcon_core.package_identification:_identify(/home/bagus/ichimonji/remote_controller_sim/src/remote_controller_sim) by extension 'ros'
[0.248s] DEBUG:colcon.colcon_core.package_identification:Package '/home/bagus/ichimonji/remote_controller_sim/src/remote_controller_sim' with type 'ros.ament_python' and name 'remote_controller_sim'
[0.248s] Level 1:colcon.colcon_core.package_discovery:discover_packages(recursive) using defaults
