running egg_info
creating ../../build/remote_controller_sim/remote_controller_sim.egg-info
writing ../../build/remote_controller_sim/remote_controller_sim.egg-info/PKG-INFO
writing dependency_links to ../../build/remote_controller_sim/remote_controller_sim.egg-info/dependency_links.txt
writing entry points to ../../build/remote_controller_sim/remote_controller_sim.egg-info/entry_points.txt
writing requirements to ../../build/remote_controller_sim/remote_controller_sim.egg-info/requires.txt
writing top-level names to ../../build/remote_controller_sim/remote_controller_sim.egg-info/top_level.txt
writing manifest file '../../build/remote_controller_sim/remote_controller_sim.egg-info/SOURCES.txt'
reading manifest file '../../build/remote_controller_sim/remote_controller_sim.egg-info/SOURCES.txt'
writing manifest file '../../build/remote_controller_sim/remote_controller_sim.egg-info/SOURCES.txt'
running build
running build_py
creating /home/bagus/ichimonji/remote_controller_sim/build/remote_controller_sim/build
creating /home/bagus/ichimonji/remote_controller_sim/build/remote_controller_sim/build/lib
creating /home/bagus/ichimonji/remote_controller_sim/build/remote_controller_sim/build/lib/remote_controller_sim
copying remote_controller_sim/__init__.py -> /home/bagus/ichimonji/remote_controller_sim/build/remote_controller_sim/build/lib/remote_controller_sim
copying remote_controller_sim/drone_node.py -> /home/bagus/ichimonji/remote_controller_sim/build/remote_controller_sim/build/lib/remote_controller_sim
copying remote_controller_sim/remote_node.py -> /home/bagus/ichimonji/remote_controller_sim/build/remote_controller_sim/build/lib/remote_controller_sim
running install
running install_lib
creating /home/bagus/ichimonji/remote_controller_sim/install/remote_controller_sim/lib/python3.10/site-packages/remote_controller_sim
copying /home/bagus/ichimonji/remote_controller_sim/build/remote_controller_sim/build/lib/remote_controller_sim/__init__.py -> /home/bagus/ichimonji/remote_controller_sim/install/remote_controller_sim/lib/python3.10/site-packages/remote_controller_sim
copying /home/bagus/ichimonji/remote_controller_sim/build/remote_controller_sim/build/lib/remote_controller_sim/drone_node.py -> /home/bagus/ichimonji/remote_controller_sim/install/remote_controller_sim/lib/python3.10/site-packages/remote_controller_sim
copying /home/bagus/ichimonji/remote_controller_sim/build/remote_controller_sim/build/lib/remote_controller_sim/remote_node.py -> /home/bagus/ichimonji/remote_controller_sim/install/remote_controller_sim/lib/python3.10/site-packages/remote_controller_sim
byte-compiling /home/bagus/ichimonji/remote_controller_sim/install/remote_controller_sim/lib/python3.10/site-packages/remote_controller_sim/__init__.py to __init__.cpython-310.pyc
byte-compiling /home/bagus/ichimonji/remote_controller_sim/install/remote_controller_sim/lib/python3.10/site-packages/remote_controller_sim/drone_node.py to drone_node.cpython-310.pyc
byte-compiling /home/bagus/ichimonji/remote_controller_sim/install/remote_controller_sim/lib/python3.10/site-packages/remote_controller_sim/remote_node.py to remote_node.cpython-310.pyc
running install_data
creating /home/bagus/ichimonji/remote_controller_sim/install/remote_controller_sim/share/ament_index
creating /home/bagus/ichimonji/remote_controller_sim/install/remote_controller_sim/share/ament_index/resource_index
creating /home/bagus/ichimonji/remote_controller_sim/install/remote_controller_sim/share/ament_index/resource_index/packages
copying resource/remote_controller_sim -> /home/bagus/ichimonji/remote_controller_sim/install/remote_controller_sim/share/ament_index/resource_index/packages
copying package.xml -> /home/bagus/ichimonji/remote_controller_sim/install/remote_controller_sim/share/remote_controller_sim
running install_egg_info
Copying ../../build/remote_controller_sim/remote_controller_sim.egg-info to /home/bagus/ichimonji/remote_controller_sim/install/remote_controller_sim/lib/python3.10/site-packages/remote_controller_sim-0.0.0-py3.10.egg-info
running install_scripts
Installing drone_motors_node script to /home/bagus/ichimonji/remote_controller_sim/install/remote_controller_sim/lib/remote_controller_sim
Installing remote_controller_sim script to /home/bagus/ichimonji/remote_controller_sim/install/remote_controller_sim/lib/remote_controller_sim
writing list of installed files to '/home/bagus/ichimonji/remote_controller_sim/build/remote_controller_sim/install.log'
